[2023-06-23T10:00:00.574Z] info: 	存档已保存
[2023-06-23T10:00:20.605Z] info: 	存档已保存
[2023-06-23T10:00:35.094Z] info: 	[客户端请求] /launcher/profile/info
[2023-06-23T10:00:35.096Z] info: 	[客户端请求] /launcher/server/version
[2023-06-23T10:00:40.654Z] info: 	存档已保存
[2023-06-23T10:01:00.698Z] info: 	存档已保存
[2023-06-23T10:01:20.731Z] info: 	存档已保存
[2023-06-23T10:01:25.022Z] info: 	[客户端请求] /client/game/bot/generate
[2023-06-23T10:01:35.075Z] info: 	[客户端请求] /launcher/profile/info
[2023-06-23T10:01:35.077Z] info: 	[客户端请求] /launcher/server/version
[2023-06-23T10:01:40.754Z] info: 	存档已保存
[2023-06-23T10:01:42.294Z] info: 	[客户端请求] /client/game/bot/generate
[2023-06-23T10:02:00.787Z] info: 	存档已保存
[2023-06-23T10:02:20.818Z] info: 	存档已保存
[2023-06-23T10:02:35.078Z] info: 	[客户端请求] /launcher/profile/info
[2023-06-23T10:02:35.080Z] info: 	[客户端请求] /launcher/server/version
[2023-06-23T10:02:40.843Z] info: 	存档已保存
[2023-06-23T10:03:00.866Z] info: 	存档已保存
[2023-06-23T10:03:20.904Z] info: 	存档已保存
[2023-06-23T10:03:35.077Z] info: 	[客户端请求] /launcher/profile/info
[2023-06-23T10:03:35.080Z] info: 	[客户端请求] /launcher/server/version
[2023-06-23T10:03:40.914Z] info: 	存档已保存
[2023-06-23T10:03:44.496Z] info: 	[客户端请求] /client/game/bot/generate
[2023-06-23T10:04:00.948Z] info: 	存档已保存
[2023-06-23T10:04:20.962Z] info: 	存档已保存
[2023-06-23T10:04:27.946Z] info: 	[客户端请求] /client/match/offline/end
[2023-06-23T10:04:33.022Z] info: 	[客户端请求] /raid/profile/save
[2023-06-23T10:04:33.094Z] debug: 	Updated quests values: (Success: 147 times), (AvailableForStart: 42 times), (Fail: 10 times), (Started: 61 times), (Expired: 1 times)
[2023-06-23T10:04:34.436Z] info: 	[WS] 玩家：f2c415cacdcc626156b908aa已连接
[2023-06-23T10:04:35.072Z] info: 	[客户端请求] /launcher/profile/info
[2023-06-23T10:04:35.073Z] info: 	[客户端请求] /launcher/server/version
[2023-06-23T10:04:40.227Z] info: 	[客户端请求] /client/game/profile/list
[2023-06-23T10:04:40.881Z] info: 	[客户端请求] /client/game/profile/select
[2023-06-23T10:04:40.897Z] info: 	[客户端请求] /client/profile/status
[2023-06-23T10:04:40.908Z] info: 	[客户端请求] /client/quest/list
[2023-06-23T10:04:40.991Z] info: 	存档已保存
[2023-06-23T10:04:41.717Z] info: 	[客户端请求] /client/repeatalbeQuests/activityPeriods
[2023-06-23T10:04:41.717Z] debug: 	[Quest Check] Daily quests are still valid.
[2023-06-23T10:04:41.717Z] debug: 	[Quest Check] Weekly quests are still valid.
[2023-06-23T10:04:41.717Z] debug: 	[Quest Check] Daily_Savage quests are still valid.
[2023-06-23T10:05:01.009Z] info: 	存档已保存
[2023-06-23T10:05:09.818Z] info: 	[客户端请求] /client/items
[2023-06-23T10:05:14.506Z] info: 	[客户端请求] /client/customization
[2023-06-23T10:05:14.658Z] info: 	[客户端请求] /client/globals
[2023-06-23T10:05:14.979Z] info: 	[客户端请求] /client/trading/api/traderSettings
[2023-06-23T10:05:15.045Z] info: 	[客户端请求] /client/settings
[2023-06-23T10:05:15.112Z] info: 	[客户端请求] /client/game/profile/list
[2023-06-23T10:05:15.719Z] info: 	[客户端请求] /client/game/profile/select
[2023-06-23T10:05:15.786Z] info: 	[客户端请求] /client/profile/status
[2023-06-23T10:05:15.853Z] info: 	[客户端请求] /client/weather
[2023-06-23T10:05:15.854Z] info: 	[客户端请求] /client/locations
[2023-06-23T10:05:16.630Z] info: 	[客户端请求] /client/handbook/templates
[2023-06-23T10:05:17.592Z] info: 	[客户端请求] /client/hideout/areas
[2023-06-23T10:05:17.706Z] info: 	[客户端请求] /client/hideout/qte/list
[2023-06-23T10:05:17.775Z] info: 	[客户端请求] /client/hideout/settings
[2023-06-23T10:05:17.842Z] info: 	[客户端请求] /client/hideout/production/recipes
[2023-06-23T10:05:17.961Z] info: 	[客户端请求] /client/hideout/production/scavcase/recipes
[2023-06-23T10:05:18.027Z] info: 	[客户端请求] /client/handbook/builds/my/list
[2023-06-23T10:05:21.033Z] info: 	存档已保存
[2023-06-23T10:05:21.119Z] info: 	[客户端请求] /client/friend/request/list/inbox
[2023-06-23T10:05:21.120Z] info: 	[客户端请求] /client/friend/request/list/outbox
[2023-06-23T10:05:21.121Z] info: 	[客户端请求] /client/notifier/channel/create
[2023-06-23T10:05:21.122Z] info: 	[客户端请求] /client/trading/customization/storage
[2023-06-23T10:05:21.123Z] info: 	[客户端请求] /client/friend/list
[2023-06-23T10:05:21.124Z] info: 	[客户端请求] /client/mail/dialog/list
[2023-06-23T10:05:21.124Z] info: 	[客户端请求] /client/profile/status
[2023-06-23T10:05:21.171Z] info: 	[WS] 玩家：f2c415cacdcc626156b908aa已连接
[2023-06-23T10:05:21.174Z] info: 	[客户端请求] /client/server/list
[2023-06-23T10:05:21.175Z] info: 	[客户端请求] /client/quest/list
[2023-06-23T10:05:21.183Z] info: 	[客户端请求] /client/match/group/current
[2023-06-23T10:05:21.888Z] info: 	[客户端请求] /client/repeatalbeQuests/activityPeriods
[2023-06-23T10:05:21.888Z] debug: 	[Quest Check] Daily quests are still valid.
[2023-06-23T10:05:21.888Z] debug: 	[Quest Check] Weekly quests are still valid.
[2023-06-23T10:05:21.889Z] debug: 	[Quest Check] Daily_Savage quests are still valid.
[2023-06-23T10:05:35.072Z] info: 	[客户端请求] /launcher/profile/info
[2023-06-23T10:05:35.075Z] info: 	[客户端请求] /launcher/server/version
[2023-06-23T10:05:41.082Z] info: 	存档已保存
[2023-06-23T10:05:41.992Z] info: 	[客户端请求] /client/checkVersion
[2023-06-23T10:05:42.534Z] info: 	[客户端请求] /client/items/prices/5ac3b934156ae10c4430e83c
[2023-06-23T10:05:42.601Z] info: 	[客户端请求] /client/trading/api/getTraderAssort/5ac3b934156ae10c4430e83c
[2023-06-23T10:05:45.409Z] info: 	[客户端请求] /player/health/sync
[2023-06-23T10:05:55.443Z] info: 	[客户端请求] /player/health/sync
[2023-06-23T10:06:01.106Z] info: 	存档已保存
[2023-06-23T10:06:01.447Z] info: 	[客户端请求] /client/game/profile/items/moving
[2023-06-23T10:06:01.448Z] debug: 	event: Heal
[2023-06-23T10:06:01.448Z] debug: 	event: Heal
[2023-06-23T10:06:01.448Z] debug: 	event: Heal
[2023-06-23T10:06:01.448Z] debug: 	event: Heal
[2023-06-23T10:06:01.448Z] debug: 	event: Heal
[2023-06-23T10:06:01.448Z] debug: 	event: Heal
[2023-06-23T10:06:01.448Z] debug: 	event: Heal
[2023-06-23T10:06:01.448Z] debug: 	event: Move
[2023-06-23T10:06:01.448Z] debug: 	Move item: d49695ef27e4a9cfef7171b8 from slotid: hideout to container: main
[2023-06-23T10:06:05.502Z] info: 	[客户端请求] /player/health/sync
[2023-06-23T10:06:11.291Z] info: 	[客户端请求] /client/game/profile/items/moving
[2023-06-23T10:06:11.293Z] debug: 	event: Move
[2023-06-23T10:06:11.293Z] debug: 	Move item: efe0c6dedb90991d243ae9d1 from slotid: hideout to container: hideout
[2023-06-23T10:06:11.294Z] info: 	[客户端请求] /client/ragfair/find
[2023-06-23T10:06:15.887Z] info: 	[客户端请求] /player/health/sync
[2023-06-23T10:06:16.343Z] info: 	[客户端请求] /client/ragfair/find
[2023-06-23T10:06:21.130Z] info: 	存档已保存
[2023-06-23T10:06:25.902Z] info: 	[客户端请求] /player/health/sync
[2023-06-23T10:06:35.082Z] info: 	[客户端请求] /launcher/profile/info
[2023-06-23T10:06:35.084Z] info: 	[客户端请求] /launcher/server/version
[2023-06-23T10:06:35.898Z] info: 	[客户端请求] /player/health/sync
[2023-06-23T10:06:41.162Z] info: 	存档已保存
[2023-06-23T10:06:45.904Z] info: 	[客户端请求] /player/health/sync
[2023-06-23T10:06:51.174Z] debug: 	[WS] 正在呼叫玩家：f2c415cacdcc626156b908aa
[2023-06-23T10:06:55.907Z] info: 	[客户端请求] /player/health/sync
[2023-06-23T10:07:01.206Z] info: 	存档已保存
[2023-06-23T10:07:06.138Z] info: 	[客户端请求] /player/health/sync
[2023-06-23T10:07:11.362Z] info: 	[客户端请求] /client/game/profile/items/moving
[2023-06-23T10:07:11.363Z] debug: 	event: Move
[2023-06-23T10:07:11.363Z] debug: 	Move item: 44324a5f227f06bb5ebd329d from slotid: hideout to container: Backpack
[2023-06-23T10:07:11.363Z] debug: 	event: Move
[2023-06-23T10:07:11.364Z] debug: 	Move item: 944145314dd0ab7cb3ffcbce from slotid: hideout to container: Earpiece
[2023-06-23T10:07:11.364Z] debug: 	event: Move
[2023-06-23T10:07:11.364Z] debug: 	Move item: 28b9ff7258fd80e172211f29 from slotid: hideout to container: ArmorVest
[2023-06-23T10:07:11.364Z] debug: 	event: Move
[2023-06-23T10:07:11.364Z] debug: 	Move item: efe0c6dedb90991d243ae9d1 from slotid: hideout to container: hideout
[2023-06-23T10:07:11.364Z] debug: 	event: Move
[2023-06-23T10:07:11.364Z] debug: 	Move item: 6fbe0b062fd42779e6f4e34a from slotid: hideout to container: hideout
[2023-06-23T10:07:11.364Z] debug: 	event: Move
[2023-06-23T10:07:11.364Z] debug: 	Move item: efe0c6dedb90991d243ae9d1 from slotid: hideout to container: hideout
[2023-06-23T10:07:16.288Z] info: 	[客户端请求] /player/health/sync
[2023-06-23T10:07:21.269Z] info: 	存档已保存
[2023-06-23T10:07:26.542Z] info: 	[客户端请求] /player/health/sync
[2023-06-23T10:07:35.072Z] info: 	[客户端请求] /launcher/profile/info
[2023-06-23T10:07:35.074Z] info: 	[客户端请求] /launcher/server/version
[2023-06-23T10:07:36.578Z] info: 	[客户端请求] /player/health/sync
[2023-06-23T10:07:41.334Z] info: 	存档已保存
[2023-06-23T10:07:41.526Z] info: 	[客户端请求] /client/mail/dialog/getAllAttachments
[2023-06-23T10:07:42.699Z] info: 	[客户端请求] /client/mail/dialog/view
[2023-06-23T10:07:42.920Z] info: 	[客户端请求] /client/mail/dialog/view
[2023-06-23T10:07:43.734Z] info: 	[客户端请求] /client/mail/dialog/getAllAttachments
[2023-06-23T10:07:44.023Z] info: 	[客户端请求] /client/game/profile/items/moving
[2023-06-23T10:07:44.024Z] debug: 	event: Move
[2023-06-23T10:07:44.024Z] debug: 	Move item: d1205d9be2055ef0e9a9a6ff from slotid: hideout to container: FirstPrimaryWeapon
[2023-06-23T10:07:44.024Z] debug: 	event: Fold
[2023-06-23T10:07:44.024Z] debug: 	event: Move
[2023-06-23T10:07:44.024Z] debug: 	Move item: 28b9ff7258fd80e172211f29 from slotid: ArmorVest to container: hideout
[2023-06-23T10:07:44.024Z] debug: 	event: Move
[2023-06-23T10:07:44.025Z] debug: 	Move item: 0d05aaba0e013409a1fd4113 from slotid: hideout to container: ArmorVest
[2023-06-23T10:07:46.679Z] info: 	[客户端请求] /player/health/sync
[2023-06-23T10:07:50.497Z] info: 	[客户端请求] /client/game/profile/items/moving
[2023-06-23T10:07:50.498Z] debug: 	event: Move
[2023-06-23T10:07:56.682Z] info: 	[客户端请求] /player/health/sync
[2023-06-23T10:08:01.280Z] info: 	存档已保存
[2023-06-23T10:08:06.674Z] info: 	[客户端请求] /player/health/sync
[2023-06-23T10:08:16.686Z] info: 	[客户端请求] /player/health/sync
[2023-06-23T10:08:17.134Z] info: 	[客户端请求] /client/ragfair/find
[2023-06-23T10:08:17.230Z] info: 	[客户端请求] /client/game/profile/items/moving
[2023-06-23T10:08:17.231Z] debug: 	event: Move
[2023-06-23T10:08:17.231Z] debug: 	Move item: 0d05aaba0e013409a1fd4113 from slotid: ArmorVest to container: hideout
[2023-06-23T10:08:17.231Z] debug: 	event: Move
[2023-06-23T10:08:17.231Z] debug: 	Move item: 997691504f7642e72a5689fb from slotid: hideout to container: TacticalVest
[2023-06-23T10:08:17.231Z] debug: 	event: Move
[2023-06-23T10:08:17.231Z] debug: 	Move item: 07be1148c9a778999d80f158 from slotid: main to container: main
[2023-06-23T10:08:17.231Z] debug: 	event: Move
[2023-06-23T10:08:17.231Z] debug: 	Move item: 07be1148c9a778999d80f158 from slotid: main to container: main
[2023-06-23T10:08:21.180Z] debug: 	[WS] 正在呼叫玩家：f2c415cacdcc626156b908aa
[2023-06-23T10:08:21.320Z] info: 	存档已保存
[2023-06-23T10:08:22.209Z] info: 	[客户端请求] /client/ragfair/find
[2023-06-23T10:08:24.916Z] info: 	[客户端请求] /client/ragfair/find
[2023-06-23T10:08:27.329Z] info: 	[客户端请求] /player/health/sync
[2023-06-23T10:08:35.075Z] info: 	[客户端请求] /launcher/profile/info
[2023-06-23T10:08:35.076Z] info: 	[客户端请求] /launcher/server/version
[2023-06-23T10:08:37.332Z] info: 	[客户端请求] /player/health/sync
[2023-06-23T10:08:38.041Z] info: 	[客户端请求] /client/game/profile/items/moving
[2023-06-23T10:08:38.042Z] debug: 	event: RagFairBuyOffer
[2023-06-23T10:08:38.042Z] debug: 	{
  "id": "63d385c9b3eba6c95d0efdfe",
  "count": 4,
  "items": [
    {
      "id": "a36358606dc67bffcf8b55ea",
      "count": 100
    }
  ]
}
[2023-06-23T10:08:38.070Z] debug: 	Items taken. Status OK.
[2023-06-23T10:08:38.070Z] debug: 	Bought item: 63d385c9b3eba6c95d0efdfe from 5935c25fb3acc3127c3d8cd9
[2023-06-23T10:08:41.328Z] info: 	存档已保存
[2023-06-23T10:08:47.373Z] info: 	[客户端请求] /player/health/sync
[2023-06-23T10:08:47.432Z] info: 	[客户端请求] /client/game/profile/items/moving
[2023-06-23T10:08:47.432Z] debug: 	event: Move
[2023-06-23T10:08:47.434Z] debug: 	Move item: f4b9e514c0d57e0e2c08f339 from slotid: hideout to container: 1
[2023-06-23T10:08:47.434Z] debug: 	event: Move
[2023-06-23T10:08:47.434Z] debug: 	Move item: 38b91eb0160ff15a3760f1fc from slotid: hideout to container: 2
[2023-06-23T10:08:47.434Z] debug: 	event: Move
[2023-06-23T10:08:47.434Z] debug: 	Move item: e468277e20d9ced87ba4012a from slotid: hideout to container: 3
[2023-06-23T10:08:47.434Z] debug: 	event: Move
[2023-06-23T10:08:47.435Z] debug: 	Move item: b7bf2fd3adacd7e2a64b9d36 from slotid: hideout to container: 4
[2023-06-23T10:08:47.435Z] debug: 	event: Move
[2023-06-23T10:08:47.435Z] debug: 	Move item: a0b3b5b75e0f4838d9878fe5 from slotid: main to container: cartridges
[2023-06-23T10:08:47.435Z] debug: 	event: Transfer
[2023-06-23T10:08:47.435Z] debug: 	event: Move
[2023-06-23T10:08:47.436Z] debug: 	Move item: f163b57674fcf929459d49d0 from slotid: main to container: cartridges
[2023-06-23T10:08:47.436Z] debug: 	event: Transfer
[2023-06-23T10:08:47.436Z] debug: 	event: Split
[2023-06-23T10:08:57.596Z] info: 	[客户端请求] /player/health/sync
[2023-06-23T10:09:01.376Z] info: 	存档已保存
[2023-06-23T10:09:07.632Z] info: 	[客户端请求] /player/health/sync
[2023-06-23T10:09:14.486Z] info: 	[客户端请求] /client/game/profile/items/moving
[2023-06-23T10:09:14.487Z] debug: 	event: Move
[2023-06-23T10:09:14.487Z] debug: 	Move item: d3ce57e50653206a1da2e8fc from slotid: main to container: cartridges
[2023-06-23T10:09:14.487Z] debug: 	event: Transfer
[2023-06-23T10:09:14.487Z] debug: 	event: Move
[2023-06-23T10:09:14.487Z] debug: 	Move item: f4b9e514c0d57e0e2c08f339 from slotid: 1 to container: mod_magazine
[2023-06-23T10:09:14.488Z] debug: 	event: Move
[2023-06-23T10:09:14.488Z] debug: 	Move item: 431ce57a4fad3acc005ce3f1 from slotid: main to container: pocket1
[2023-06-23T10:09:14.488Z] debug: 	event: Bind
[2023-06-23T10:09:14.488Z] debug: 	event: Move
[2023-06-23T10:09:14.488Z] debug: 	Move item: 987fcd100d0d79e35c51a9b5 from slotid: main to container: main
[2023-06-23T10:09:14.488Z] debug: 	event: Move
[2023-06-23T10:09:14.488Z] debug: 	Move item: f49dd51fded0f9ec1841c381 from slotid: main to container: hideout
[2023-06-23T10:09:14.488Z] debug: 	event: Eat
[2023-06-23T10:09:17.815Z] info: 	[客户端请求] /player/health/sync
[2023-06-23T10:09:18.968Z] info: 	[客户端请求] /singleplayer/settings/raid/menu
[2023-06-23T10:09:19.478Z] info: 	[客户端请求] /client/insurance/items/list/cost
[2023-06-23T10:09:21.412Z] info: 	存档已保存
[2023-06-23T10:09:23.043Z] info: 	[客户端请求] /client/game/profile/items/moving
[2023-06-23T10:09:23.043Z] debug: 	event: Insure
[2023-06-23T10:09:23.049Z] debug: 	Items taken. Status OK.
[2023-06-23T10:09:34.191Z] info: 	[客户端请求] /player/health/sync
[2023-06-23T10:09:35.084Z] info: 	[客户端请求] /launcher/profile/info
[2023-06-23T10:09:35.086Z] info: 	[客户端请求] /launcher/server/version
[2023-06-23T10:09:41.432Z] info: 	存档已保存
[2023-06-23T10:09:41.576Z] info: 	[客户端请求] /client/location/getLocalloot
[2023-06-23T10:09:41.971Z] debug: 	createItem() No preset found for weapon: 6217726288ed9f0845317459
[2023-06-23T10:09:42.334Z] debug: 	createItem() No preset found for weapon: 6217726288ed9f0845317459
[2023-06-23T10:09:42.446Z] succ: 	共生成了443个静态容器
[2023-06-23T10:09:45.475Z] info: 	999 spawnpoints were requested while 998 are available interchange
[2023-06-23T10:09:46.603Z] succ: 	共生成了1006个动态物资
[2023-06-23T10:09:46.603Z] succ: 	已生成interchange地图
[2023-06-23T10:09:46.617Z] info: 	[客户端请求] /client/raid/configuration
[2023-06-23T10:09:51.193Z] debug: 	[WS] 正在呼叫玩家：f2c415cacdcc626156b908aa
[2023-06-23T10:09:51.193Z] debug: 	[WS] 接口已丢失，正在删除句柄
[2023-06-23T10:10:01.702Z] info: 	存档已保存
[2023-06-23T10:10:07.296Z] info: 	[客户端请求] /singleplayer/settings/bot/maxCap
[2023-06-23T10:10:07.877Z] info: 	[客户端请求] /singleplayer/settings/bot/limit/assault
[2023-06-23T10:10:07.878Z] info: 	[客户端请求] /singleplayer/settings/bot/limit/bossKilla
[2023-06-23T10:10:07.879Z] info: 	[客户端请求] /singleplayer/settings/bot/limit/sptBear
[2023-06-23T10:10:07.880Z] info: 	[客户端请求] /singleplayer/settings/bot/limit/sptUsec
[2023-06-23T10:10:07.938Z] info: 	[客户端请求] /client/game/bot/generate
[2023-06-23T10:10:08.080Z] debug: 	Missing item price for 6391fcf5744e45201147080f
[2023-06-23T10:10:08.080Z] debug: 	Missing item price for 6391fcf5744e45201147080f
[2023-06-23T10:10:08.080Z] debug: 	Missing item price for 6391fcf5744e45201147080f
[2023-06-23T10:10:08.080Z] debug: 	Missing item price for 6391fcf5744e45201147080f
[2023-06-23T10:10:08.080Z] debug: 	Missing item price for 6391fcf5744e45201147080f
[2023-06-23T10:10:08.080Z] debug: 	Missing item price for 6391fcf5744e45201147080f
[2023-06-23T10:10:08.080Z] debug: 	Missing item price for 6391fcf5744e45201147080f
[2023-06-23T10:10:08.080Z] debug: 	Missing item price for 6391fcf5744e45201147080f
[2023-06-23T10:10:08.080Z] debug: 	Missing item price for 6391fcf5744e45201147080f
[2023-06-23T10:10:08.080Z] debug: 	Missing item price for 6391fcf5744e45201147080f
[2023-06-23T10:10:08.081Z] debug: 	Missing item price for 5449016a4bdc2d6f028b456f
[2023-06-23T10:10:08.081Z] debug: 	Missing item price for 5449016a4bdc2d6f028b456f
[2023-06-23T10:10:08.081Z] debug: 	Missing item price for 5449016a4bdc2d6f028b456f
[2023-06-23T10:10:08.081Z] debug: 	Missing item price for 5449016a4bdc2d6f028b456f
[2023-06-23T10:10:08.081Z] debug: 	Missing item price for 5449016a4bdc2d6f028b456f
[2023-06-23T10:10:08.081Z] debug: 	Missing item price for 5449016a4bdc2d6f028b456f
[2023-06-23T10:10:08.081Z] debug: 	Missing item price for 6391fcf5744e45201147080f
[2023-06-23T10:10:08.081Z] debug: 	Missing item price for 6391fcf5744e45201147080f
[2023-06-23T10:10:08.081Z] debug: 	Missing item price for 6391fcf5744e45201147080f
[2023-06-23T10:10:08.081Z] debug: 	Missing item price for 6391fcf5744e45201147080f
[2023-06-23T10:10:08.081Z] debug: 	Missing item price for 6391fcf5744e45201147080f
[2023-06-23T10:10:08.081Z] debug: 	Missing item price for 6391fcf5744e45201147080f
[2023-06-23T10:10:08.081Z] debug: 	Missing item price for 6391fcf5744e45201147080f
[2023-06-23T10:10:08.081Z] debug: 	Missing item price for 5449016a4bdc2d6f028b456f
[2023-06-23T10:10:08.081Z] debug: 	Missing item price for 5449016a4bdc2d6f028b456f
[2023-06-23T10:10:08.082Z] debug: 	Missing item price for 5449016a4bdc2d6f028b456f
[2023-06-23T10:10:08.082Z] debug: 	Missing item price for 5449016a4bdc2d6f028b456f
[2023-06-23T10:10:08.082Z] debug: 	Missing item price for 5449016a4bdc2d6f028b456f
[2023-06-23T10:10:08.082Z] debug: 	Missing item price for 5449016a4bdc2d6f028b456f
[2023-06-23T10:10:08.082Z] debug: 	Missing item price for 5449016a4bdc2d6f028b456f
[2023-06-23T10:10:08.082Z] debug: 	Missing item price for 5449016a4bdc2d6f028b456f
[2023-06-23T10:10:08.082Z] debug: 	Missing item price for 5449016a4bdc2d6f028b456f
[2023-06-23T10:10:08.082Z] debug: 	Missing item price for 6391fcf5744e45201147080f
[2023-06-23T10:10:08.082Z] debug: 	Missing item price for 5449016a4bdc2d6f028b456f
[2023-06-23T10:10:17.950Z] info: 	[客户端请求] /singleplayer/airdrop/config
[2023-06-23T10:10:21.759Z] info: 	存档已保存
[2023-06-23T10:10:35.070Z] info: 	[客户端请求] /launcher/profile/info
[2023-06-23T10:10:35.072Z] info: 	[客户端请求] /launcher/server/version
[2023-06-23T10:10:41.789Z] info: 	存档已保存
[2023-06-23T10:10:56.901Z] info: 	[客户端请求] /client/game/bot/generate
[2023-06-23T10:11:01.795Z] info: 	存档已保存
[2023-06-23T10:11:07.909Z] info: 	[客户端请求] /client/game/bot/generate
[2023-06-23T10:11:21.828Z] info: 	存档已保存
[2023-06-23T10:11:35.079Z] info: 	[客户端请求] /launcher/profile/info
[2023-06-23T10:11:35.081Z] info: 	[客户端请求] /launcher/server/version
[2023-06-23T10:11:41.867Z] info: 	存档已保存
[2023-06-23T10:12:01.901Z] info: 	存档已保存
[2023-06-23T10:12:21.941Z] info: 	存档已保存
[2023-06-23T10:12:32.898Z] info: 	[客户端请求] /client/game/bot/generate
[2023-06-23T10:12:32.900Z] info: 	[客户端请求] /client/game/bot/generate
[2023-06-23T10:12:35.077Z] info: 	[客户端请求] /launcher/profile/info
[2023-06-23T10:12:35.079Z] info: 	[客户端请求] /launcher/server/version
[2023-06-23T10:12:41.976Z] info: 	存档已保存
[2023-06-23T10:13:02.004Z] info: 	存档已保存
[2023-06-23T10:13:14.893Z] info: 	[客户端请求] /client/game/bot/generate
[2023-06-23T10:13:22.032Z] info: 	存档已保存
[2023-06-23T10:13:23.880Z] info: 	[客户端请求] /client/game/bot/generate
[2023-06-23T10:13:35.077Z] info: 	[客户端请求] /launcher/profile/info
[2023-06-23T10:13:35.079Z] info: 	[客户端请求] /launcher/server/version
[2023-06-23T10:13:42.056Z] info: 	存档已保存
[2023-06-23T10:14:02.088Z] info: 	存档已保存
[2023-06-23T10:14:22.131Z] info: 	存档已保存
[2023-06-23T10:14:35.084Z] info: 	[客户端请求] /launcher/profile/info
[2023-06-23T10:14:35.086Z] info: 	[客户端请求] /launcher/server/version
[2023-06-23T10:14:42.161Z] info: 	存档已保存
[2023-06-23T10:15:00.883Z] info: 	[客户端请求] /client/game/bot/generate
[2023-06-23T10:15:01.292Z] info: 	[客户端请求] /client/location/getAirdropLoot
[2023-06-23T10:15:01.293Z] debug: 	Chose foodMedical for airdrop loot
[2023-06-23T10:15:02.173Z] info: 	存档已保存
[2023-06-23T10:15:20.903Z] info: 	[客户端请求] /client/game/bot/generate
[2023-06-23T10:15:22.184Z] info: 	存档已保存
[2023-06-23T10:15:35.069Z] info: 	[客户端请求] /launcher/profile/info
[2023-06-23T10:15:35.071Z] info: 	[客户端请求] /launcher/server/version
[2023-06-23T10:15:42.225Z] info: 	存档已保存
[2023-06-23T10:16:02.282Z] info: 	存档已保存
[2023-06-23T10:16:22.297Z] info: 	存档已保存
[2023-06-23T10:16:24.892Z] info: 	[客户端请求] /client/game/bot/generate
[2023-06-23T10:16:24.894Z] info: 	[客户端请求] /client/game/bot/generate
[2023-06-23T10:16:35.073Z] info: 	[客户端请求] /launcher/profile/info
[2023-06-23T10:16:35.075Z] info: 	[客户端请求] /launcher/server/version
[2023-06-23T10:16:42.338Z] info: 	存档已保存
[2023-06-23T10:16:43.895Z] info: 	[客户端请求] /client/game/bot/generate
[2023-06-23T10:17:02.370Z] info: 	存档已保存
[2023-06-23T10:17:22.377Z] info: 	存档已保存
[2023-06-23T10:17:35.075Z] info: 	[客户端请求] /launcher/profile/info
[2023-06-23T10:17:35.077Z] info: 	[客户端请求] /launcher/server/version
[2023-06-23T10:17:42.426Z] info: 	存档已保存
[2023-06-23T10:18:02.467Z] info: 	存档已保存
[2023-06-23T10:18:22.499Z] info: 	存档已保存
[2023-06-23T10:18:35.077Z] info: 	[客户端请求] /launcher/profile/info
[2023-06-23T10:18:35.079Z] info: 	[客户端请求] /launcher/server/version
[2023-06-23T10:18:42.531Z] info: 	存档已保存
[2023-06-23T10:19:02.581Z] info: 	存档已保存
[2023-06-23T10:19:03.922Z] info: 	[客户端请求] /client/game/keepalive
[2023-06-23T10:19:22.593Z] info: 	存档已保存
[2023-06-23T10:19:35.073Z] info: 	[客户端请求] /launcher/profile/info
[2023-06-23T10:19:35.076Z] info: 	[客户端请求] /launcher/server/version
[2023-06-23T10:19:42.636Z] info: 	存档已保存
[2023-06-23T10:20:02.677Z] info: 	存档已保存
[2023-06-23T10:20:22.692Z] info: 	存档已保存
[2023-06-23T10:20:35.077Z] info: 	[客户端请求] /launcher/profile/info
[2023-06-23T10:20:35.079Z] info: 	[客户端请求] /launcher/server/version
[2023-06-23T10:20:38.254Z] info: 	[客户端请求] /client/game/bot/generate
[2023-06-23T10:20:42.725Z] info: 	存档已保存
[2023-06-23T10:20:51.247Z] info: 	[客户端请求] /client/game/bot/generate
[2023-06-23T10:20:58.632Z] info: 	[客户端请求] /singleplayer/settings/bot/getBotBehaviours/
[2023-06-23T10:21:02.741Z] info: 	存档已保存
[2023-06-23T10:21:22.794Z] info: 	存档已保存
[2023-06-23T10:21:35.087Z] info: 	[客户端请求] /launcher/profile/info
[2023-06-23T10:21:35.088Z] info: 	[客户端请求] /launcher/server/version
[2023-06-23T10:21:42.816Z] info: 	存档已保存
[2023-06-23T10:21:46.601Z] info: 	[客户端请求] /client/game/bot/generate
[2023-06-23T10:22:02.862Z] info: 	存档已保存
[2023-06-23T10:22:22.886Z] info: 	存档已保存
[2023-06-23T10:22:35.073Z] info: 	[客户端请求] /launcher/profile/info
[2023-06-23T10:22:35.075Z] info: 	[客户端请求] /launcher/server/version
[2023-06-23T10:22:42.935Z] info: 	存档已保存
[2023-06-23T10:23:02.959Z] info: 	存档已保存
[2023-06-23T10:23:04.258Z] info: 	[客户端请求] /client/game/bot/generate
[2023-06-23T10:23:22.999Z] info: 	存档已保存
[2023-06-23T10:23:35.074Z] info: 	[客户端请求] /launcher/profile/info
[2023-06-23T10:23:35.076Z] info: 	[客户端请求] /launcher/server/version
[2023-06-23T10:23:43.015Z] info: 	存档已保存
[2023-06-23T10:24:03.035Z] info: 	存档已保存
[2023-06-23T10:24:07.252Z] info: 	[客户端请求] /client/game/bot/generate
[2023-06-23T10:24:23.071Z] info: 	存档已保存
[2023-06-23T10:24:35.073Z] info: 	[客户端请求] /launcher/profile/info
[2023-06-23T10:24:35.076Z] info: 	[客户端请求] /launcher/server/version
[2023-06-23T10:24:43.111Z] info: 	存档已保存
[2023-06-23T10:25:03.136Z] info: 	存档已保存
[2023-06-23T10:25:23.168Z] info: 	存档已保存
[2023-06-23T10:25:35.077Z] info: 	[客户端请求] /launcher/profile/info
[2023-06-23T10:25:35.080Z] info: 	[客户端请求] /launcher/server/version
[2023-06-23T10:25:42.237Z] info: 	[客户端请求] /client/game/bot/generate
[2023-06-23T10:25:43.200Z] info: 	存档已保存
[2023-06-23T10:25:55.353Z] info: 	[客户端请求] /raid/profile/save
[2023-06-23T10:25:55.410Z] debug: 	Updated quests values: (Success: 147 times), (AvailableForStart: 42 times), (Fail: 10 times), (Started: 60 times), (Expired: 1 times), (AvailableForFinish: 1 times)
[2023-06-23T10:25:55.905Z] info: 	[客户端请求] /client/match/offline/end
[2023-06-23T10:25:56.807Z] info: 	[WS] 玩家：f2c415cacdcc626156b908aa已连接
[2023-06-23T10:26:01.271Z] info: 	[客户端请求] /client/game/profile/list
[2023-06-23T10:26:01.919Z] info: 	[客户端请求] /client/game/profile/select
[2023-06-23T10:26:01.936Z] info: 	[客户端请求] /client/profile/status
[2023-06-23T10:26:01.948Z] info: 	[客户端请求] /client/quest/list
[2023-06-23T10:26:02.690Z] info: 	[客户端请求] /client/repeatalbeQuests/activityPeriods
[2023-06-23T10:26:02.691Z] debug: 	[Quest Check] Daily quests are still valid.
[2023-06-23T10:26:02.691Z] debug: 	[Quest Check] Weekly quests are still valid.
[2023-06-23T10:26:02.691Z] debug: 	[Quest Check] Daily_Savage quests are still valid.
[2023-06-23T10:26:03.219Z] info: 	存档已保存
[2023-06-23T10:26:23.280Z] info: 	存档已保存
[2023-06-23T10:26:35.074Z] info: 	[客户端请求] /launcher/profile/info
[2023-06-23T10:26:35.076Z] info: 	[客户端请求] /launcher/server/version
[2023-06-23T10:26:38.181Z] info: 	[客户端请求] /client/game/profile/items/moving
[2023-06-23T10:26:38.182Z] debug: 	event: RestoreHealth
[2023-06-23T10:26:38.187Z] debug: 	Items taken. Status OK.
[2023-06-23T10:26:43.312Z] info: 	存档已保存
[2023-06-23T10:26:46.245Z] info: 	[客户端请求] /client/items
[2023-06-23T10:26:50.962Z] info: 	[客户端请求] /client/customization
[2023-06-23T10:26:51.112Z] info: 	[客户端请求] /client/globals
[2023-06-23T10:26:51.430Z] info: 	[客户端请求] /client/trading/api/traderSettings
[2023-06-23T10:26:51.496Z] info: 	[客户端请求] /client/settings
[2023-06-23T10:26:51.563Z] info: 	[客户端请求] /client/game/profile/list
[2023-06-23T10:26:52.180Z] info: 	[客户端请求] /client/game/profile/select
[2023-06-23T10:26:52.246Z] info: 	[客户端请求] /client/profile/status
[2023-06-23T10:26:52.314Z] info: 	[客户端请求] /client/weather
[2023-06-23T10:26:52.315Z] info: 	[客户端请求] /client/locations
[2023-06-23T10:26:53.117Z] info: 	[客户端请求] /client/handbook/templates
[2023-06-23T10:26:54.100Z] info: 	[客户端请求] /client/hideout/areas
[2023-06-23T10:26:54.217Z] info: 	[客户端请求] /client/hideout/qte/list
[2023-06-23T10:26:54.284Z] info: 	[客户端请求] /client/hideout/settings
[2023-06-23T10:26:54.350Z] info: 	[客户端请求] /client/hideout/production/recipes
[2023-06-23T10:26:54.484Z] info: 	[客户端请求] /client/hideout/production/scavcase/recipes
[2023-06-23T10:26:54.551Z] info: 	[客户端请求] /client/handbook/builds/my/list
[2023-06-23T10:26:58.051Z] info: 	[客户端请求] /client/friend/request/list/outbox
[2023-06-23T10:26:58.053Z] info: 	[客户端请求] /client/profile/status
[2023-06-23T10:26:58.054Z] info: 	[客户端请求] /client/friend/request/list/inbox
[2023-06-23T10:26:58.062Z] info: 	[客户端请求] /client/notifier/channel/create
[2023-06-23T10:26:58.073Z] info: 	[客户端请求] /client/mail/dialog/list
[2023-06-23T10:26:58.083Z] info: 	[客户端请求] /client/friend/list
[2023-06-23T10:26:58.084Z] info: 	[客户端请求] /client/trading/customization/storage
[2023-06-23T10:26:58.128Z] info: 	[WS] 玩家：f2c415cacdcc626156b908aa已连接
[2023-06-23T10:26:58.132Z] info: 	[客户端请求] /client/match/group/current
[2023-06-23T10:26:58.133Z] info: 	[客户端请求] /client/quest/list
[2023-06-23T10:26:58.141Z] info: 	[客户端请求] /client/server/list
[2023-06-23T10:26:58.866Z] info: 	[客户端请求] /client/repeatalbeQuests/activityPeriods
[2023-06-23T10:26:58.866Z] debug: 	[Quest Check] Daily quests are still valid.
[2023-06-23T10:26:58.866Z] debug: 	[Quest Check] Weekly quests are still valid.
[2023-06-23T10:26:58.866Z] debug: 	[Quest Check] Daily_Savage quests are still valid.
[2023-06-23T10:27:03.336Z] info: 	存档已保存
[2023-06-23T10:27:07.716Z] info: 	[客户端请求] /client/checkVersion
[2023-06-23T10:27:08.372Z] info: 	[客户端请求] /client/items/prices/5ac3b934156ae10c4430e83c
[2023-06-23T10:27:08.439Z] info: 	[客户端请求] /client/trading/api/getTraderAssort/5ac3b934156ae10c4430e83c
[2023-06-23T10:27:11.297Z] info: 	[客户端请求] /client/game/profile/items/moving
[2023-06-23T10:27:11.297Z] debug: 	event: QuestHandover
[2023-06-23T10:27:11.297Z] debug: 	QuestHandover
[2023-06-23T10:27:12.102Z] info: 	[客户端请求] /client/game/profile/items/moving
[2023-06-23T10:27:12.103Z] debug: 	event: QuestHandover
[2023-06-23T10:27:12.103Z] debug: 	QuestHandover
[2023-06-23T10:27:12.453Z] info: 	[客户端请求] /player/health/sync
[2023-06-23T10:27:12.602Z] info: 	[客户端请求] /client/game/profile/items/moving
[2023-06-23T10:27:12.603Z] debug: 	event: QuestHandover
[2023-06-23T10:27:12.603Z] debug: 	QuestHandover
[2023-06-23T10:27:13.265Z] info: 	[客户端请求] /client/game/profile/items/moving
[2023-06-23T10:27:13.266Z] debug: 	event: QuestComplete
[2023-06-23T10:27:13.266Z] debug: 	QuestComplete
[2023-06-23T10:27:13.269Z] debug: 	[WS] 信息发送成功
[2023-06-23T10:27:15.060Z] info: 	[客户端请求] /client/game/profile/items/moving
[2023-06-23T10:27:15.060Z] debug: 	event: QuestComplete
[2023-06-23T10:27:15.060Z] debug: 	QuestComplete
[2023-06-23T10:27:15.062Z] debug: 	[WS] 信息发送成功
[2023-06-23T10:27:16.644Z] info: 	[客户端请求] /client/game/profile/items/moving
[2023-06-23T10:27:16.644Z] debug: 	event: QuestAccept
[2023-06-23T10:27:16.644Z] debug: 	QuestAccept
[2023-06-23T10:27:16.645Z] warn: 	Unable to find desired locale file using locale zh from config/locale.json, falling back to 'en'
[2023-06-23T10:27:16.645Z] debug: 	[WS] 信息发送成功
[2023-06-23T10:27:17.782Z] info: 	[客户端请求] /client/game/profile/items/moving
[2023-06-23T10:27:17.783Z] debug: 	event: QuestAccept
[2023-06-23T10:27:17.783Z] debug: 	QuestAccept
[2023-06-23T10:27:17.783Z] warn: 	Unable to find desired locale file using locale zh from config/locale.json, falling back to 'en'
[2023-06-23T10:27:17.784Z] debug: 	[WS] 信息发送成功
[2023-06-23T10:27:18.238Z] info: 	[客户端请求] /files/quest/icon/60c373e753bc0f18316351fe.jpg
[2023-06-23T10:27:18.860Z] info: 	[客户端请求] /client/game/profile/items/moving
[2023-06-23T10:27:18.860Z] debug: 	event: QuestAccept
[2023-06-23T10:27:18.860Z] debug: 	QuestAccept
[2023-06-23T10:27:18.861Z] warn: 	Unable to find desired locale file using locale zh from config/locale.json, falling back to 'en'
[2023-06-23T10:27:18.861Z] debug: 	[WS] 信息发送成功
[2023-06-23T10:27:22.693Z] info: 	[客户端请求] /player/health/sync
[2023-06-23T10:27:23.377Z] info: 	存档已保存
[2023-06-23T10:27:26.743Z] info: 	[客户端请求] /client/mail/dialog/view
[2023-06-23T10:27:28.047Z] info: 	[客户端请求] /client/mail/dialog/getAllAttachments
[2023-06-23T10:27:32.708Z] info: 	[客户端请求] /player/health/sync
[2023-06-23T10:27:35.075Z] info: 	[客户端请求] /launcher/profile/info
[2023-06-23T10:27:35.077Z] info: 	[客户端请求] /launcher/server/version
[2023-06-23T10:27:40.686Z] info: 	[客户端请求] /client/trading/api/getTraderAssort/5ac3b934156ae10c4430e83c
[2023-06-23T10:27:40.691Z] info: 	[客户端请求] /client/game/profile/items/moving
[2023-06-23T10:27:40.692Z] debug: 	event: Move
[2023-06-23T10:27:40.692Z] debug: 	event: Move
[2023-06-23T10:27:40.692Z] debug: 	event: Move
[2023-06-23T10:27:40.692Z] debug: 	event: Move
[2023-06-23T10:27:40.692Z] debug: 	event: Move
[2023-06-23T10:27:40.694Z] debug: 	event: Move
[2023-06-23T10:27:40.694Z] debug: 	event: Move
[2023-06-23T10:27:40.694Z] debug: 	event: Move
[2023-06-23T10:27:40.694Z] debug: 	event: Move
[2023-06-23T10:27:40.694Z] debug: 	event: Move
[2023-06-23T10:27:40.694Z] debug: 	event: Merge
[2023-06-23T10:27:43.087Z] info: 	[客户端请求] /player/health/sync
[2023-06-23T10:27:43.418Z] info: 	存档已保存
[2023-06-23T10:27:53.215Z] info: 	[客户端请求] /player/health/sync
[2023-06-23T10:28:03.213Z] info: 	[客户端请求] /player/health/sync
[2023-06-23T10:28:03.442Z] info: 	存档已保存
[2023-06-23T10:28:13.219Z] info: 	[客户端请求] /player/health/sync
[2023-06-23T10:28:14.654Z] info: 	[客户端请求] /client/game/logout
[2023-06-23T10:28:14.716Z] info: 	存档已保存
[2023-06-23T10:28:21.078Z] info: 	[客户端请求] /launcher/profile/info
[2023-06-23T10:28:21.083Z] info: 	[客户端请求] /launcher/server/version
