[2023-07-04T14:14:13.526Z] debug: 	Importing configs...
[2023-07-04T14:14:13.628Z] info: 	Commit hash: 65ba6c1080f14754357baa1d12c354b84f07b11e
[2023-07-04T14:14:13.712Z] info: 	模组加载器：正在加载2模组...
[2023-07-04T14:14:13.722Z] error: 	(ServerValueModifier1.6.4)模组是一个客户端修改模组，应当置于/spt/bepinex/plugins目录下
[2023-07-04T14:14:13.735Z] info: 	已成功加载由Damkris编写的1.2.0版KeyBlindBox模组
[2023-07-04T14:14:13.783Z] info: 	服务端：正在执行启动回调...
[2023-07-04T14:14:13.798Z] info: 	正在导入数据库...
[2023-07-04T14:14:16.245Z] debug: 	File validation failed for file: Aki_Data/Server/database/hideout/areas.json
[2023-07-04T14:14:16.294Z] debug: 	File validation failed for file: Aki_Data/Server/database/locales/server/zh.json
[2023-07-04T14:14:16.594Z] debug: 	File validation failed for file: Aki_Data/Server/database/locations/bigmap/base.json
[2023-07-04T14:14:16.596Z] debug: 	File validation failed for file: Aki_Data/Server/database/locations/factory4_night/base.json
[2023-07-04T14:14:16.596Z] debug: 	File validation failed for file: Aki_Data/Server/database/locations/factory4_day/base.json
[2023-07-04T14:14:16.599Z] debug: 	File validation failed for file: Aki_Data/Server/database/locations/interchange/base.json
[2023-07-04T14:14:16.601Z] debug: 	File validation failed for file: Aki_Data/Server/database/locations/rezervbase/base.json
[2023-07-04T14:14:16.602Z] debug: 	File validation failed for file: Aki_Data/Server/database/locations/shoreline/base.json
[2023-07-04T14:14:16.605Z] debug: 	File validation failed for file: Aki_Data/Server/database/traders/54cb50c76803fa8b248b4571/base.json
[2023-07-04T14:14:16.608Z] debug: 	File validation failed for file: Aki_Data/Server/database/locations/woods/base.json
[2023-07-04T14:14:16.615Z] debug: 	File validation failed for file: Aki_Data/Server/database/globals.json
[2023-07-04T14:14:16.779Z] debug: 	File validation failed for file: Aki_Data/Server/database/locations/tarkovstreets/base.json
[2023-07-04T14:14:20.534Z] info: 	Database import finished.
[2023-07-04T14:14:22.761Z] succ: 	已在http://127.0.0.1:6969成功启动webserver
[2023-07-04T14:14:22.762Z] succ: 	于ws://127.0.0.1:6969启动了websocket
[2023-07-04T14:14:22.763Z] succ: 	服务器正在运行 玩得开心!!
[2023-07-04T14:14:27.767Z] debug: 	Generator: 1.4776 fuel left in slot 2
[2023-07-04T14:14:27.767Z] debug: 	Water filter: 77.7783 filter left on slot 1
[2023-07-04T14:14:27.840Z] info: 	存档已保存
[2023-07-04T14:14:47.805Z] debug: 	Generator: 1.4632 fuel left in slot 2
[2023-07-04T14:14:47.806Z] debug: 	Water filter: 77.7274 filter left on slot 1
[2023-07-04T14:14:47.861Z] info: 	存档已保存
[2023-07-04T14:15:07.827Z] debug: 	Generator: 1.4488 fuel left in slot 2
[2023-07-04T14:15:07.827Z] debug: 	Water filter: 77.6765 filter left on slot 1
[2023-07-04T14:15:07.878Z] info: 	存档已保存
[2023-07-04T14:15:27.853Z] debug: 	Generator: 1.4344 fuel left in slot 2
[2023-07-04T14:15:27.853Z] debug: 	Water filter: 77.6256 filter left on slot 1
[2023-07-04T14:15:27.909Z] info: 	存档已保存
[2023-07-04T14:15:47.876Z] debug: 	Generator: 1.42 fuel left in slot 2
[2023-07-04T14:15:47.876Z] debug: 	Water filter: 77.5747 filter left on slot 1
[2023-07-04T14:15:47.927Z] info: 	存档已保存
[2023-07-04T14:16:07.902Z] debug: 	Generator: 1.4056 fuel left in slot 2
[2023-07-04T14:16:07.902Z] debug: 	Water filter: 77.5238 filter left on slot 1
[2023-07-04T14:16:07.974Z] info: 	存档已保存
[2023-07-04T14:16:27.928Z] debug: 	Generator: 1.3912 fuel left in slot 2
[2023-07-04T14:16:27.928Z] debug: 	Water filter: 77.4729 filter left on slot 1
[2023-07-04T14:16:27.982Z] info: 	存档已保存
[2023-07-04T14:16:47.957Z] debug: 	Generator: 1.3768 fuel left in slot 2
[2023-07-04T14:16:47.958Z] debug: 	Water filter: 77.422 filter left on slot 1
[2023-07-04T14:16:48.013Z] info: 	存档已保存
[2023-07-04T14:17:07.989Z] debug: 	Generator: 1.3624 fuel left in slot 2
[2023-07-04T14:17:07.989Z] debug: 	Water filter: 77.3711 filter left on slot 1
[2023-07-04T14:17:08.038Z] info: 	存档已保存
[2023-07-04T14:17:23.027Z] debug: 	Generator: 1.348 fuel left in slot 2
[2023-07-04T14:17:23.027Z] debug: 	Water filter: 77.3303 filter left on slot 1
[2023-07-04T14:17:28.094Z] info: 	存档已保存
[2023-07-04T14:17:43.068Z] debug: 	Generator: 1.3336 fuel left in slot 2
[2023-07-04T14:17:43.068Z] debug: 	Water filter: 77.2794 filter left on slot 1
[2023-07-04T14:17:48.119Z] info: 	存档已保存
[2023-07-04T14:18:03.097Z] debug: 	Generator: 1.3192 fuel left in slot 2
[2023-07-04T14:18:03.097Z] debug: 	Water filter: 77.2285 filter left on slot 1
[2023-07-04T14:18:08.159Z] info: 	存档已保存
[2023-07-04T14:18:23.133Z] debug: 	Generator: 1.3048 fuel left in slot 2
[2023-07-04T14:18:23.133Z] debug: 	Water filter: 77.1776 filter left on slot 1
[2023-07-04T14:18:28.192Z] info: 	存档已保存
[2023-07-04T14:18:43.175Z] debug: 	Generator: 1.2904 fuel left in slot 2
[2023-07-04T14:18:43.175Z] debug: 	Water filter: 77.1267 filter left on slot 1
[2023-07-04T14:18:48.234Z] info: 	存档已保存
[2023-07-04T14:19:03.205Z] debug: 	Generator: 1.276 fuel left in slot 2
[2023-07-04T14:19:03.205Z] debug: 	Water filter: 77.0758 filter left on slot 1
[2023-07-04T14:19:08.265Z] info: 	存档已保存
[2023-07-04T14:19:23.229Z] debug: 	Generator: 1.2616 fuel left in slot 2
[2023-07-04T14:19:23.230Z] debug: 	Water filter: 77.0249 filter left on slot 1
[2023-07-04T14:19:28.287Z] info: 	存档已保存
[2023-07-04T14:19:43.255Z] debug: 	Generator: 1.2472 fuel left in slot 2
[2023-07-04T14:19:43.255Z] debug: 	Water filter: 76.974 filter left on slot 1
[2023-07-04T14:19:48.313Z] info: 	存档已保存
[2023-07-04T14:20:03.281Z] debug: 	Generator: 1.2328 fuel left in slot 2
[2023-07-04T14:20:03.282Z] debug: 	Water filter: 76.9231 filter left on slot 1
[2023-07-04T14:20:08.338Z] info: 	存档已保存
[2023-07-04T14:20:23.298Z] debug: 	Generator: 1.2184 fuel left in slot 2
[2023-07-04T14:20:23.299Z] debug: 	Water filter: 76.8722 filter left on slot 1
[2023-07-04T14:20:28.352Z] info: 	存档已保存
[2023-07-04T14:20:43.326Z] debug: 	Generator: 1.204 fuel left in slot 2
[2023-07-04T14:20:43.326Z] debug: 	Water filter: 76.8213 filter left on slot 1
[2023-07-04T14:20:48.391Z] info: 	存档已保存
[2023-07-04T14:21:03.374Z] debug: 	Generator: 1.1896 fuel left in slot 2
[2023-07-04T14:21:03.374Z] debug: 	Water filter: 76.7704 filter left on slot 1
[2023-07-04T14:21:08.425Z] info: 	存档已保存
[2023-07-04T14:21:23.405Z] debug: 	Generator: 1.1752 fuel left in slot 2
[2023-07-04T14:21:23.405Z] debug: 	Water filter: 76.7195 filter left on slot 1
[2023-07-04T14:21:28.464Z] info: 	存档已保存
[2023-07-04T14:21:43.431Z] debug: 	Generator: 1.1608 fuel left in slot 2
[2023-07-04T14:21:43.432Z] debug: 	Water filter: 76.6686 filter left on slot 1
[2023-07-04T14:21:48.490Z] info: 	存档已保存
[2023-07-04T14:22:03.447Z] debug: 	Generator: 1.1464 fuel left in slot 2
[2023-07-04T14:22:03.447Z] debug: 	Water filter: 76.6177 filter left on slot 1
[2023-07-04T14:22:08.512Z] info: 	存档已保存
[2023-07-04T14:22:23.475Z] debug: 	Generator: 1.132 fuel left in slot 2
[2023-07-04T14:22:23.475Z] debug: 	Water filter: 76.5668 filter left on slot 1
[2023-07-04T14:22:28.537Z] info: 	存档已保存
[2023-07-04T14:22:43.513Z] debug: 	Generator: 1.1176 fuel left in slot 2
[2023-07-04T14:22:43.513Z] debug: 	Water filter: 76.5159 filter left on slot 1
[2023-07-04T14:22:48.571Z] info: 	存档已保存
[2023-07-04T14:23:03.531Z] debug: 	Generator: 1.1032 fuel left in slot 2
[2023-07-04T14:23:03.531Z] debug: 	Water filter: 76.465 filter left on slot 1
[2023-07-04T14:23:08.577Z] info: 	存档已保存
[2023-07-04T14:23:23.567Z] debug: 	Generator: 1.0888 fuel left in slot 2
[2023-07-04T14:23:23.567Z] debug: 	Water filter: 76.4141 filter left on slot 1
[2023-07-04T14:23:28.635Z] info: 	存档已保存
[2023-07-04T14:23:43.599Z] debug: 	Generator: 1.0744 fuel left in slot 2
[2023-07-04T14:23:43.599Z] debug: 	Water filter: 76.3632 filter left on slot 1
[2023-07-04T14:23:48.650Z] info: 	存档已保存
[2023-07-04T14:24:03.633Z] debug: 	Generator: 1.06 fuel left in slot 2
[2023-07-04T14:24:03.634Z] debug: 	Water filter: 76.3123 filter left on slot 1
[2023-07-04T14:24:08.691Z] info: 	存档已保存
[2023-07-04T14:24:23.660Z] debug: 	Generator: 1.0456 fuel left in slot 2
[2023-07-04T14:24:23.660Z] debug: 	Water filter: 76.2614 filter left on slot 1
[2023-07-04T14:24:28.731Z] info: 	存档已保存
[2023-07-04T14:24:43.691Z] debug: 	Generator: 1.0312 fuel left in slot 2
[2023-07-04T14:24:43.691Z] debug: 	Water filter: 76.2105 filter left on slot 1
[2023-07-04T14:24:48.739Z] info: 	存档已保存
[2023-07-04T14:25:03.718Z] debug: 	Generator: 1.0168 fuel left in slot 2
[2023-07-04T14:25:03.718Z] debug: 	Water filter: 76.1596 filter left on slot 1
[2023-07-04T14:25:08.779Z] info: 	存档已保存
[2023-07-04T14:25:23.737Z] debug: 	Generator: 1.0024 fuel left in slot 2
[2023-07-04T14:25:23.737Z] debug: 	Water filter: 76.1087 filter left on slot 1
[2023-07-04T14:25:28.795Z] info: 	存档已保存
[2023-07-04T14:25:43.769Z] debug: 	Generator: 0.988 fuel left in slot 2
[2023-07-04T14:25:43.769Z] debug: 	Water filter: 76.0578 filter left on slot 1
[2023-07-04T14:25:48.834Z] info: 	存档已保存
[2023-07-04T14:26:03.809Z] debug: 	Generator: 0.9736 fuel left in slot 2
[2023-07-04T14:26:03.809Z] debug: 	Water filter: 76.0069 filter left on slot 1
[2023-07-04T14:26:08.874Z] info: 	存档已保存
[2023-07-04T14:26:23.840Z] debug: 	Generator: 0.9592 fuel left in slot 2
[2023-07-04T14:26:23.841Z] debug: 	Water filter: 75.956 filter left on slot 1
[2023-07-04T14:26:28.899Z] info: 	存档已保存
[2023-07-04T14:26:43.846Z] debug: 	Generator: 0.9448 fuel left in slot 2
[2023-07-04T14:26:43.846Z] debug: 	Water filter: 75.9051 filter left on slot 1
[2023-07-04T14:26:48.897Z] info: 	存档已保存
[2023-07-04T14:27:03.873Z] debug: 	Generator: 0.9304 fuel left in slot 2
[2023-07-04T14:27:03.873Z] debug: 	Water filter: 75.8542 filter left on slot 1
[2023-07-04T14:27:08.948Z] info: 	存档已保存
[2023-07-04T14:27:23.897Z] debug: 	Generator: 0.916 fuel left in slot 2
[2023-07-04T14:27:23.897Z] debug: 	Water filter: 75.8033 filter left on slot 1
[2023-07-04T14:27:28.972Z] info: 	存档已保存
