[2023-06-20T18:00:01.634Z] info: 	存档已保存
[2023-06-20T18:00:04.936Z] info: 	[客户端请求] /client/game/keepalive
[2023-06-20T18:00:08.704Z] info: 	[客户端请求] /launcher/profile/info
[2023-06-20T18:00:08.705Z] info: 	[客户端请求] /launcher/server/version
[2023-06-20T18:00:09.538Z] info: 	[客户端请求] /player/health/sync
[2023-06-20T18:00:11.602Z] debug: 	Generator: 91.8901 fuel left in slot 1
[2023-06-20T18:00:19.612Z] info: 	[客户端请求] /player/health/sync
[2023-06-20T18:00:21.816Z] info: 	存档已保存
[2023-06-20T18:00:29.547Z] info: 	[客户端请求] /player/health/sync
[2023-06-20T18:00:31.630Z] debug: 	Generator: 91.8748 fuel left in slot 1
[2023-06-20T18:00:39.555Z] info: 	[客户端请求] /player/health/sync
[2023-06-20T18:00:41.681Z] info: 	存档已保存
[2023-06-20T18:00:46.905Z] debug: 	[WS] 正在呼叫玩家：f2c415cacdcc626156b908aa
[2023-06-20T18:00:49.626Z] info: 	[客户端请求] /player/health/sync
[2023-06-20T18:00:50.545Z] info: 	[客户端请求] /client/ragfair/find
[2023-06-20T18:00:51.645Z] debug: 	Generator: 91.8595 fuel left in slot 1
[2023-06-20T18:00:52.497Z] info: 	[客户端请求] /client/ragfair/find
[2023-06-20T18:00:53.575Z] info: 	[客户端请求] /client/ragfair/find
[2023-06-20T18:00:59.594Z] info: 	[客户端请求] /client/ragfair/find
[2023-06-20T18:01:00.900Z] info: 	[客户端请求] /player/health/sync
[2023-06-20T18:01:01.705Z] info: 	存档已保存
[2023-06-20T18:01:08.697Z] info: 	[客户端请求] /launcher/profile/info
[2023-06-20T18:01:08.698Z] info: 	[客户端请求] /launcher/server/version
[2023-06-20T18:01:11.059Z] info: 	[客户端请求] /player/health/sync
[2023-06-20T18:01:11.680Z] debug: 	Generator: 91.8442 fuel left in slot 1
[2023-06-20T18:01:21.067Z] info: 	[客户端请求] /player/health/sync
[2023-06-20T18:01:21.737Z] info: 	存档已保存
[2023-06-20T18:01:31.064Z] info: 	[客户端请求] /player/health/sync
[2023-06-20T18:01:31.712Z] debug: 	Generator: 91.8289 fuel left in slot 1
[2023-06-20T18:01:41.064Z] info: 	[客户端请求] /player/health/sync
[2023-06-20T18:01:41.784Z] info: 	存档已保存
[2023-06-20T18:01:51.062Z] info: 	[客户端请求] /player/health/sync
[2023-06-20T18:01:51.725Z] debug: 	Generator: 91.8136 fuel left in slot 1
[2023-06-20T18:02:01.113Z] info: 	[客户端请求] /client/ragfair/find
[2023-06-20T18:02:01.160Z] info: 	[客户端请求] /player/health/sync
[2023-06-20T18:02:01.935Z] info: 	存档已保存
[2023-06-20T18:02:07.146Z] info: 	[客户端请求] /client/mail/dialog/view
[2023-06-20T18:02:07.802Z] info: 	[客户端请求] /client/mail/dialog/getAllAttachments
[2023-06-20T18:02:08.698Z] info: 	[客户端请求] /launcher/profile/info
[2023-06-20T18:02:08.699Z] info: 	[客户端请求] /launcher/server/version
[2023-06-20T18:02:11.487Z] info: 	[客户端请求] /player/health/sync
[2023-06-20T18:02:11.748Z] debug: 	Generator: 91.7983 fuel left in slot 1
[2023-06-20T18:02:12.058Z] info: 	[客户端请求] /client/game/profile/items/moving
[2023-06-20T18:02:12.059Z] debug: 	event: Move
[2023-06-20T18:02:12.059Z] debug: 	event: Move
[2023-06-20T18:02:14.537Z] info: 	[客户端请求] /client/mail/dialog/view
[2023-06-20T18:02:15.194Z] info: 	[客户端请求] /client/mail/dialog/view
[2023-06-20T18:02:15.599Z] info: 	[客户端请求] /client/mail/dialog/view
[2023-06-20T18:02:16.905Z] debug: 	[WS] 正在呼叫玩家：f2c415cacdcc626156b908aa
[2023-06-20T18:02:18.599Z] info: 	[客户端请求] /client/game/profile/items/moving
[2023-06-20T18:02:18.600Z] debug: 	event: Move
[2023-06-20T18:02:21.529Z] info: 	[客户端请求] /player/health/sync
[2023-06-20T18:02:21.817Z] info: 	存档已保存
[2023-06-20T18:02:31.551Z] info: 	[客户端请求] /player/health/sync
[2023-06-20T18:02:31.794Z] debug: 	Generator: 91.783 fuel left in slot 1
[2023-06-20T18:02:41.548Z] info: 	[客户端请求] /player/health/sync
[2023-06-20T18:02:41.866Z] info: 	存档已保存
[2023-06-20T18:02:51.560Z] info: 	[客户端请求] /player/health/sync
[2023-06-20T18:02:51.823Z] debug: 	Generator: 91.7677 fuel left in slot 1
[2023-06-20T18:03:01.559Z] info: 	[客户端请求] /player/health/sync
[2023-06-20T18:03:01.887Z] info: 	存档已保存
[2023-06-20T18:03:08.693Z] info: 	[客户端请求] /launcher/profile/info
[2023-06-20T18:03:08.695Z] info: 	[客户端请求] /launcher/server/version
[2023-06-20T18:03:11.552Z] info: 	[客户端请求] /player/health/sync
[2023-06-20T18:03:11.852Z] debug: 	Generator: 91.7524 fuel left in slot 1
[2023-06-20T18:03:21.550Z] info: 	[客户端请求] /player/health/sync
[2023-06-20T18:03:21.914Z] info: 	存档已保存
[2023-06-20T18:03:31.549Z] info: 	[客户端请求] /player/health/sync
[2023-06-20T18:03:31.874Z] debug: 	Generator: 91.7371 fuel left in slot 1
[2023-06-20T18:03:41.561Z] info: 	[客户端请求] /player/health/sync
[2023-06-20T18:03:42.104Z] info: 	存档已保存
[2023-06-20T18:03:46.905Z] debug: 	[WS] 正在呼叫玩家：f2c415cacdcc626156b908aa
[2023-06-20T18:03:51.548Z] info: 	[客户端请求] /player/health/sync
[2023-06-20T18:03:51.905Z] debug: 	Generator: 91.7218 fuel left in slot 1
[2023-06-20T18:04:01.548Z] info: 	[客户端请求] /player/health/sync
[2023-06-20T18:04:01.961Z] info: 	存档已保存
[2023-06-20T18:04:08.692Z] info: 	[客户端请求] /launcher/profile/info
[2023-06-20T18:04:08.700Z] info: 	[客户端请求] /launcher/server/version
[2023-06-20T18:04:11.563Z] info: 	[客户端请求] /player/health/sync
[2023-06-20T18:04:11.932Z] debug: 	Generator: 91.7065 fuel left in slot 1
[2023-06-20T18:04:21.994Z] info: 	存档已保存
[2023-06-20T18:04:26.085Z] info: 	[客户端请求] /player/health/sync
[2023-06-20T18:04:31.968Z] debug: 	Generator: 91.6912 fuel left in slot 1
[2023-06-20T18:04:36.078Z] info: 	[客户端请求] /player/health/sync
[2023-06-20T18:04:38.668Z] info: 	[客户端请求] /client/game/keepalive
[2023-06-20T18:04:42.040Z] info: 	存档已保存
[2023-06-20T18:04:46.083Z] info: 	[客户端请求] /player/health/sync
[2023-06-20T18:04:51.991Z] debug: 	Generator: 91.6759 fuel left in slot 1
[2023-06-20T18:04:56.084Z] info: 	[客户端请求] /player/health/sync
[2023-06-20T18:05:02.057Z] info: 	存档已保存
[2023-06-20T18:05:06.079Z] info: 	[客户端请求] /player/health/sync
[2023-06-20T18:05:07.019Z] debug: 	Generator: 91.6606 fuel left in slot 1
[2023-06-20T18:05:08.703Z] info: 	[客户端请求] /launcher/profile/info
[2023-06-20T18:05:08.705Z] info: 	[客户端请求] /launcher/server/version
[2023-06-20T18:05:13.843Z] info: 	[客户端请求] /client/game/profile/items/moving
[2023-06-20T18:05:13.845Z] debug: 	event: Move
[2023-06-20T18:05:13.845Z] debug: 	Move item: 1260b489019e1f85ef6afaa3 from slotid: main to container: main
[2023-06-20T18:05:13.845Z] debug: 	event: Move
[2023-06-20T18:05:13.845Z] debug: 	Move item: f7d957543967a9d620258c6b from slotid: hideout to container: main
[2023-06-20T18:05:13.845Z] debug: 	event: Move
[2023-06-20T18:05:13.845Z] debug: 	Move item: 303d713fae15e18fdc0de582 from slotid: main to container: main
[2023-06-20T18:05:13.845Z] debug: 	event: Move
[2023-06-20T18:05:13.845Z] debug: 	Move item: f7d957543967a9d620258c6b from slotid: main to container: main
[2023-06-20T18:05:13.845Z] debug: 	event: Move
[2023-06-20T18:05:13.845Z] debug: 	Move item: 303d713fae15e18fdc0de582 from slotid: main to container: main
[2023-06-20T18:05:13.845Z] debug: 	event: Move
[2023-06-20T18:05:13.845Z] debug: 	Move item: 115ec56eefd76e1207ed5370 from slotid: main to container: main
[2023-06-20T18:05:16.080Z] info: 	[客户端请求] /player/health/sync
[2023-06-20T18:05:16.918Z] debug: 	[WS] 正在呼叫玩家：f2c415cacdcc626156b908aa
[2023-06-20T18:05:22.106Z] info: 	存档已保存
[2023-06-20T18:05:26.069Z] info: 	[客户端请求] /player/health/sync
[2023-06-20T18:05:27.064Z] debug: 	Generator: 91.6453 fuel left in slot 1
[2023-06-20T18:05:34.705Z] info: 	[客户端请求] /launcher/profile/info
[2023-06-20T18:05:34.710Z] info: 	[客户端请求] /launcher/server/version
